
 Starte rohtext_holen.py ...
============================================================
  ROHTEXT-HOLEN  –  Schritt 1b: Playwright-Fetch
============================================================
  1 Stelle(n) ohne Rohtext – lade via Playwright...
  ▶️  Ivona Koban Personalagentur: (manuell eingetragen)
     https://www.xn--jobs-fr-meine-region-uec.de/job/regelungs-und-steuerungstechnik-
  📄 Inhalt: 10715 Zeichen, erste 100: 'NEU SUCHEN\nAnzeige\nRegelungs- und Steuerungstechnik * Hardwareentwickler (m/w/d)\nIvona Koban Persona'
  ✅ 10715 Zeichen geladen
============================================================
  FERTIG
  Rohtexte geladen: 1 / 1
  Weiter mit:       python extraktor.py
============================================================
OK rohtext_holen.py fertig

 Starte extraktor.py ...
============================================================
  EXTRAKTOR  –  Schritt 2: Stellentext extrahieren
============================================================
  1 Stellen zu bearbeiten (Status 2)
  ──────────────────────────────────────────────────
  Ivona Koban Personalagentur: (manuell eingetragen)
  ✂️  Bekannte Marker – extrahiere direkt...
  ✅ 10715 Zeichen extrahiert
============================================================
  FERTIG
  Texte extrahiert: 1
  Weiter mit:       python bewertung.py
============================================================
OK extraktor.py fertig

 Starte bewertung.py ...
============================================================
  BEWERTUNG  –  Schritt 3: KI-Bewertung
============================================================
  1 Stellen zu bewerten (Status 3)
  ──────────────────────────────────────────────────
  Ivona Koban Personalagentur: (manuell eingetragen)
  🤖 Bewerte...
  ⭐ Score: 82%  |  BEWERBEN
============================================================
  FERTIG
  Stellen bewertet: 1
============================================================
  🏆 TOP 5:
      82%  [bewer]  Rohde & Schwarz: Senior Software Developer Test (m/w/d)
      82%  [bewer]  Advantest Hardware: Expert Hardware Test Engineer (m/f/d)
      82%  [bewer]  Advantest Hardware: Hardware Test Engineer (m/f/d)
      82%  [bewer]  ads-tec Energy: Elektrotechniker / Elektroingenieur (m/w/d) Entwic
      82%  [bewer]  Ivona Koban Personalagentur: (manuell eingetragen)
OK bewertung.py fertig

 Starte report.py ...
============================================================
  REPORT  –  Schritt 4: HTML erstellen & Mail senden
============================================================
  📄 Erstelle Report...
  ✅ Report gespeichert: c:\Users\sasch\Documents\Python\Jobsuche\Jobsuche_V2\report.html
  📧 Sende Änderungs-Mail (1 neu, 13 vergeben)...
  📧 Mail gesendet an Sascha.Ruettiger@icloud.com
  🔄 neu-Flag für 1 Stellen zurückgesetzt
============================================================
  FERTIG
  Report: c:\Users\sasch\Documents\Python\Jobsuche\Jobsuche_V2\report.html
============================================================
OK report.py fertig

FERTIG
